# JRE version: OpenJDK Runtime Environment (8.0_212-b04) (build 1.8.0_212-release-1586-b04)
# Java VM: OpenJDK 64-Bit Server VM (25.212-b04 mixed mode windows-amd64 compressed oops)
Heap:
 PSYoungGen      total 143360K, used 2600K [0x00000000e0000000, 0x00000000edd00000, 0x0000000100000000)
  eden space 129024K, 2% used [0x00000000e0000000,0x00000000e028a228,0x00000000e7e00000)
  from space 14336K, 0% used [0x00000000ecf00000,0x00000000ecf00000,0x00000000edd00000)
  to   space 12800K, 0% used [0x00000000e7e00000,0x00000000e7e00000,0x00000000e8a80000)
 ParOldGen       total 61952K, used 15189K [0x00000000a0000000, 0x00000000a3c80000, 0x00000000e0000000)
  object space 61952K, 24% used [0x00000000a0000000,0x00000000a0ed55e8,0x00000000a3c80000)
 Metaspace       used 34638K, capacity 35490K, committed 35712K, reserved 1079296K
  class space    used 4749K, capacity 4958K, committed 4992K, reserved 1048576K
GC Heap History (10 events):
Event: 7.494 GC heap before
{Heap before GC invocations=4 (full 0):
 PSYoungGen      total 38400K, used 38384K [0x00000000e0000000, 0x00000000e4b00000, 0x0000000100000000)
  eden space 33280K, 100% used [0x00000000e0000000,0x00000000e2080000,0x00000000e2080000)
  from space 5120K, 99% used [0x00000000e2080000,0x00000000e257c010,0x00000000e2580000)
  to   space 5120K, 0% used [0x00000000e4600000,0x00000000e4600000,0x00000000e4b00000)
 ParOldGen       total 87552K, used 1346K [0x00000000a0000000, 0x00000000a5580000, 0x00000000e0000000)
  object space 87552K, 1% used [0x00000000a0000000,0x00000000a0150878,0x00000000a5580000)
 Metaspace       used 14659K, capacity 15042K, committed 15232K, reserved 1062912K
  class space    used 2042K, capacity 2159K, committed 2176K, reserved 1048576K
Event: 7.506 GC heap after
Heap after GC invocations=4 (full 0):
 PSYoungGen      total 71680K, used 5088K [0x00000000e0000000, 0x00000000e4b00000, 0x0000000100000000)
  eden space 66560K, 0% used [0x00000000e0000000,0x00000000e0000000,0x00000000e4100000)
  from space 5120K, 99% used [0x00000000e4600000,0x00000000e4af8020,0x00000000e4b00000)
  to   space 5120K, 0% used [0x00000000e4100000,0x00000000e4100000,0x00000000e4600000)
 ParOldGen       total 87552K, used 3871K [0x00000000a0000000, 0x00000000a5580000, 0x00000000e0000000)
  object space 87552K, 4% used [0x00000000a0000000,0x00000000a03c7f20,0x00000000a5580000)
 Metaspace       used 14659K, capacity 15042K, committed 15232K, reserved 1062912K
  class space    used 2042K, capacity 2159K, committed 2176K, reserved 1048576K
}
Event: 8.845 GC heap before
{Heap before GC invocations=5 (full 0):
 PSYoungGen      total 71680K, used 71098K [0x00000000e0000000, 0x00000000e4b00000, 0x0000000100000000)
  eden space 66560K, 99% used [0x00000000e0000000,0x00000000e4076880,0x00000000e4100000)
  from space 5120K, 99% used [0x00000000e4600000,0x00000000e4af8020,0x00000000e4b00000)
  to   space 5120K, 0% used [0x00000000e4100000,0x00000000e4100000,0x00000000e4600000)
 ParOldGen       total 87552K, used 3871K [0x00000000a0000000, 0x00000000a5580000, 0x00000000e0000000)
  object space 87552K, 4% used [0x00000000a0000000,0x00000000a03c7f20,0x00000000a5580000)
 Metaspace       used 20754K, capacity 21202K, committed 21296K, reserved 1067008K
  class space    used 2994K, capacity 3161K, committed 3200K, reserved 1048576K
Event: 8.863 GC heap after
Heap after GC invocations=5 (full 0):
 PSYoungGen      total 71680K, used 5092K [0x00000000e0000000, 0x00000000e9c00000, 0x0000000100000000)
  eden space 66560K, 0% used [0x00000000e0000000,0x00000000e0000000,0x00000000e4100000)
  from space 5120K, 99% used [0x00000000e4100000,0x00000000e45f9050,0x00000000e4600000)
  to   space 13312K, 0% used [0x00000000e8f00000,0x00000000e8f00000,0x00000000e9c00000)
 ParOldGen       total 87552K, used 11389K [0x00000000a0000000, 0x00000000a5580000, 0x00000000e0000000)
  object space 87552K, 13% used [0x00000000a0000000,0x00000000a0b1f670,0x00000000a5580000)
 Metaspace       used 20754K, capacity 21202K, committed 21296K, reserved 1067008K
  class space    used 2994K, capacity 3161K, committed 3200K, reserved 1048576K
}
Event: 8.863 GC heap before
{Heap before GC invocations=6 (full 1):
 PSYoungGen      total 71680K, used 5092K [0x00000000e0000000, 0x00000000e9c00000, 0x0000000100000000)
  eden space 66560K, 0% used [0x00000000e0000000,0x00000000e0000000,0x00000000e4100000)
  from space 5120K, 99% used [0x00000000e4100000,0x00000000e45f9050,0x00000000e4600000)
  to   space 13312K, 0% used [0x00000000e8f00000,0x00000000e8f00000,0x00000000e9c00000)
 ParOldGen       total 87552K, used 11389K [0x00000000a0000000, 0x00000000a5580000, 0x00000000e0000000)
  object space 87552K, 13% used [0x00000000a0000000,0x00000000a0b1f670,0x00000000a5580000)
 Metaspace       used 20754K, capacity 21202K, committed 21296K, reserved 1067008K
  class space    used 2994K, capacity 3161K, committed 3200K, reserved 1048576K
Event: 8.931 GC heap after
Heap after GC invocations=6 (full 1):
 PSYoungGen      total 71680K, used 0K [0x00000000e0000000, 0x00000000e9c00000, 0x0000000100000000)
  eden space 66560K, 0% used [0x00000000e0000000,0x00000000e0000000,0x00000000e4100000)
  from space 5120K, 0% used [0x00000000e4100000,0x00000000e4100000,0x00000000e4600000)
  to   space 13312K, 0% used [0x00000000e8f00000,0x00000000e8f00000,0x00000000e9c00000)
 ParOldGen       total 61952K, used 12238K [0x00000000a0000000, 0x00000000a3c80000, 0x00000000e0000000)
  object space 61952K, 19% used [0x00000000a0000000,0x00000000a0bf3ad8,0x00000000a3c80000)
 Metaspace       used 20754K, capacity 21202K, committed 21296K, reserved 1067008K
  class space    used 2994K, capacity 3161K, committed 3200K, reserved 1048576K
}
Event: 10.070 GC heap before
{Heap before GC invocations=7 (full 1):
 PSYoungGen      total 71680K, used 66560K [0x00000000e0000000, 0x00000000e9c00000, 0x0000000100000000)
  eden space 66560K, 100% used [0x00000000e0000000,0x00000000e4100000,0x00000000e4100000)
  from space 5120K, 0% used [0x00000000e4100000,0x00000000e4100000,0x00000000e4600000)
  to   space 13312K, 0% used [0x00000000e8f00000,0x00000000e8f00000,0x00000000e9c00000)
 ParOldGen       total 61952K, used 12238K [0x00000000a0000000, 0x00000000a3c80000, 0x00000000e0000000)
  object space 61952K, 19% used [0x00000000a0000000,0x00000000a0bf3ad8,0x00000000a3c80000)
 Metaspace       used 29202K, capacity 29844K, committed 30080K, reserved 1075200K
  class space    used 3928K, capacity 4135K, committed 4224K, reserved 1048576K
Event: 10.086 GC heap after
Heap after GC invocations=7 (full 1):
 PSYoungGen      total 121856K, used 8084K [0x00000000e0000000, 0x00000000e9700000, 0x0000000100000000)
  eden space 113664K, 0% used [0x00000000e0000000,0x00000000e0000000,0x00000000e6f00000)
  from space 8192K, 98% used [0x00000000e8f00000,0x00000000e96e53f0,0x00000000e9700000)
  to   space 12800K, 0% used [0x00000000e7e00000,0x00000000e7e00000,0x00000000e8a80000)
 ParOldGen       total 61952K, used 12246K [0x00000000a0000000, 0x00000000a3c80000, 0x00000000e0000000)
  object space 61952K, 19% used [0x00000000a0000000,0x00000000a0bf5ad8,0x00000000a3c80000)
 Metaspace       used 29202K, capacity 29844K, committed 30080K, reserved 1075200K
  class space    used 3928K, capacity 4135K, committed 4224K, reserved 1048576K
}
Event: 12.664 GC heap before
{Heap before GC invocations=8 (full 1):
 PSYoungGen      total 121856K, used 121748K [0x00000000e0000000, 0x00000000e9700000, 0x0000000100000000)
  eden space 113664K, 100% used [0x00000000e0000000,0x00000000e6f00000,0x00000000e6f00000)
  from space 8192K, 98% used [0x00000000e8f00000,0x00000000e96e53f0,0x00000000e9700000)
  to   space 12800K, 0% used [0x00000000e7e00000,0x00000000e7e00000,0x00000000e8a80000)
 ParOldGen       total 61952K, used 12246K [0x00000000a0000000, 0x00000000a3c80000, 0x00000000e0000000)
  object space 61952K, 19% used [0x00000000a0000000,0x00000000a0bf5ad8,0x00000000a3c80000)
 Metaspace       used 34220K, capacity 34958K, committed 35200K, reserved 1079296K
  class space    used 4691K, capacity 4914K, committed 4992K, reserved 1048576K
Event: 12.745 GC heap after
Heap after GC invocations=8 (full 1):
 PSYoungGen      total 141824K, used 10929K [0x00000000e0000000, 0x00000000edd00000, 0x0000000100000000)
  eden space 129024K, 0% used [0x00000000e0000000,0x00000000e0000000,0x00000000e7e00000)
  from space 12800K, 85% used [0x00000000e7e00000,0x00000000e88ac530,0x00000000e8a80000)
  to   space 14336K, 0% used [0x00000000ecf00000,0x00000000ecf00000,0x00000000edd00000)
 ParOldGen       total 61952K, used 12254K [0x00000000a0000000, 0x00000000a3c80000, 0x00000000e0000000)
  object space 61952K, 19% used [0x00000000a0000000,0x00000000a0bf7ad8,0x00000000a3c80000)
 Metaspace       used 34220K, capacity 34958K, committed 35200K, reserved 1079296K
  class space    used 4691K, capacity 4914K, committed 4992K, reserved 1048576K
}

